<?xml version="1.0" encoding="UTF-8" ?>
<testsuite tests="3" failures="0" name="pl.kuba565.scanner.ProductScannerTest" time="0" errors="0" skipped="0">
  <properties>
[...]
</properties>
  <testcase classname="pl.kuba565.scanner.ProductScannerTest" name="shouldNotFindProductWithWrongBarcode" time="0"/>
  <testcase classname="pl.kuba565.scanner.ProductScannerTest" name="shouldFindProduct" time="0"/>
  <testcase classname="pl.kuba565.scanner.ProductScannerTest" name="shouldNotFindProductNotInDB" time="0"/>
</testsuite>